INFO:functional:1 Sending message type 1 to 0 ('localhost', 5555)
INFO:functional:0 Received Request from 1
INFO:functional:0 Sending message type 0 to 0 ('localhost', 5555)
INFO:functional:0 Received Ack from 0
INFO:functional:0 Sending message type 1 to 1 ('localhost', 5556)
INFO:functional:1 Received Request from 0
INFO:functional:1 Sending message type 0 to -1 ('localhost', 5556)
INFO:functional:1 Received Ack from 1
INFO:functional:1 Sending message type 1 to 0 ('localhost', 5555)
INFO:functional:0 Received Request from 1
INFO:functional:0 Sending message type 0 to 0 ('localhost', 5555)
INFO:functional:0 Received Ack from 0
INFO:functional:0 Sending message type 1 to 1 ('localhost', 5556)
INFO:functional:1 Received Request from 0
INFO:functional:1 Sending message type 0 to -1 ('localhost', 5556)
INFO:functional:1 Received Ack from 1
INFO:functional:1 Sending message type 1 to 0 ('localhost', 5555)
INFO:functional:0 Received Request from 1
INFO:functional:0 Sending message type 0 to 0 ('localhost', 5555)
INFO:functional:0 Received Ack from 0
INFO:functional:0 Sending message type 1 to 1 ('localhost', 5556)
INFO:functional:1 Received Request from 0
INFO:functional:1 Sending message type 0 to -1 ('localhost', 5556)
INFO:functional:1 Received Ack from 1
INFO:functional:1 Sending message type 1 to 0 ('localhost', 5555)
INFO:functional:0 Received Request from 1
INFO:functional:0 Sending message type 0 to 1 ('localhost', 5556)
INFO:functional:1 Received Ack from 0
INFO:functional:1 Sending message type 2 to 0 ('localhost', 5555)
INFO:functional:0 Received Release from 1
INFO:functional:0 Sending message type 1 to 1 ('localhost', 5556)
INFO:functional:1 Received Request from 0
INFO:functional:1 Sending message type 0 to 0 ('localhost', 5555)
INFO:functional:0 Received Ack from 1
INFO:functional:0 Sending message type 2 to 1 ('localhost', 5556)
INFO:functional:1 Received Release from 0
